-------------------------------------------------------------------------------
Test set: com.foodhunt.restaurants.dbservice.DbServiceApplicationTests
-------------------------------------------------------------------------------
Tests run: 1, Failures: 0, Errors: 1, Skipped: 0, Time elapsed: 0.026 s <<< FAILURE! - in com.foodhunt.restaurants.dbservice.DbServiceApplicationTests
initializationError(com.foodhunt.restaurants.dbservice.DbServiceApplicationTests)  Time elapsed: 0.003 s  <<< ERROR!
java.lang.TypeNotPresentException: Type org.springframework.test.context.junit4.SpringRunner not present
Caused by: java.lang.ClassNotFoundException: org.springframework.test.context.junit4.SpringRunner

